20230130	11:04:45	7a72f51a-e8d9-4247-b115-337f1d14ed04	GET	/questions	undefined
20230130	11:04:47	94361ee1-be8f-4cfe-b21a-9608923bc0ae	GET	/questions	undefined
20230130	11:04:47	92dec2fb-6b99-47ee-8905-5d710b4de7f9	GET	/questions	undefined
20230130	11:04:49	694585eb-fe03-4319-ab47-cfff04af0759	GET	/questions	undefined
20230130	11:04:50	1a77ea9b-37ba-4564-be61-c15236ec445d	GET	/questions	undefined
20230130	11:04:50	53e56ac8-17a0-47db-bf6b-5c44cd70ba56	GET	/questions	undefined
20230130	11:04:51	fc366e18-3aba-4b75-a2ec-fa01a4b9e0d9	GET	/questions	undefined
20230130	11:04:52	30c938f9-9d8e-4606-a7b5-b1fd14a01c47	GET	/questions	undefined
20230130	11:05:06	a04bf9c0-8c91-4901-b962-f7a67b088d7d	GET	/questions	undefined
20230130	11:05:07	74e5e637-063b-4cc4-853c-7033c770a5a8	GET	/questions	undefined
20230130	11:05:08	015db75b-92da-4bcf-9446-873b1c86a0ec	GET	/questions	undefined
20230130	11:15:38	db75347a-f0ae-4681-a119-3a72e2f4e151	GET	/questions	undefined
20230130	11:16:13	f9a20f56-8b0e-48f0-9e1d-bef5a165e9ba	GET	/questions	undefined
20230130	11:16:15	b2c4431b-a239-4ad1-969e-f5672bdbeeb6	GET	/questions	undefined
20230130	11:17:44	b977d90c-4425-48cf-8dcc-fa83342e0f4e	GET	/questions	undefined
20230130	11:19:22	944af30e-69c3-417d-bf02-45ba7343c236	GET	/questions	undefined
20230130	11:19:24	d671a67d-31c1-4181-95bc-2e70ef27eaf7	GET	/questions	undefined
20230130	11:19:28	c2641916-ec20-40da-a104-79601f3c4429	GET	/question	undefined
20230130	11:19:31	fcdde7e9-f349-48ff-a4fa-d8fabd5029e8	GET	/question	undefined
20230130	11:19:34	57d877bd-a7f5-48aa-afe8-0d9ec2270dd6	GET	/question	undefined
20230130	11:19:43	1312d4bd-8fc1-488d-a637-8955f67a2155	GET	/Quiz	undefined
20230130	11:19:48	afcc4584-d290-4dd3-91ea-5204fa4d2a92	GET	/quiz	undefined
20230130	11:23:21	16326869-4b7f-40bb-9148-1f6bf59b3f4d	GET	/questions	undefined
20230130	11:23:23	b2128030-1e72-41d3-bd3b-019307c8918c	GET	/questions	undefined
20230130	11:29:30	f12c8063-a446-4267-bd6d-5f35af810273	GET	/questions	undefined
20230130	11:30:05	5ee26710-3b57-48cc-978e-af7ffebdcb37	GET	/questions	undefined
20230130	11:30:06	c36b9930-fd46-452c-86a7-d9d1f29483f2	GET	/questions	undefined
20230130	11:30:10	3310236b-99aa-4eda-937c-89c54b0f08c2	GET	/questions	undefined
20230130	11:30:14	1868afa9-c548-4db4-9d08-d6ae8e870fb0	GET	/questions	undefined
20230130	11:30:24	1f1a07e1-82b0-4a6b-8248-bd682fa6d144	GET	/questions	undefined
20230130	11:30:24	c2034bfa-3810-4285-bf83-45f9e6586a0c	GET	/questions	undefined
20230130	11:31:14	d2cdfa86-d610-47e5-8462-05e8a4fb4f6a	GET	/questions	undefined
20230130	11:31:15	db88a8b8-5267-4cdb-b00b-f2fe7944850f	GET	/questions	undefined
20230130	11:31:19	5b365eef-ac40-4be0-9027-e57a526f4882	GET	/questions	undefined
20230130	11:31:20	bb8f62d3-d8d0-47c2-a161-0a713c797956	GET	/questions	undefined
20230130	11:32:00	573becb2-7af8-4bf1-a5ee-ec60e7a30396	GET	/questions	undefined
20230130	11:32:01	8e8911fa-f7ab-448c-93d6-090dd3231dae	GET	/questions	undefined
20230130	11:32:01	885b93c0-e4dc-4778-8c4a-2b588eb15a16	GET	/questions	undefined
20230130	11:32:03	ef8feb70-f8b2-4208-8d39-7c9d9d77398d	GET	/questions	undefined
20230130	11:32:04	66cd5313-c3fb-45f5-9fd5-8da1e06565e9	GET	/questions	undefined
20230130	11:32:05	5fc43150-249b-4dfd-9b1d-aeffa5ec6798	GET	/questions	undefined
20230130	11:32:08	a58c395b-8ba2-4e70-be1b-cc9f8259e23b	GET	/questions	undefined
20230130	11:32:11	fc66af13-ba79-4146-89b6-198cc53e7cdf	GET	/questions	undefined
20230130	11:32:14	652c5188-1364-45d8-b62f-19613ff882e1	GET	/questions	undefined
20230130	11:32:26	caa68b52-e44e-4646-adfb-4d463c60c169	GET	/Questions	undefined
20230130	11:32:27	a9db2a3e-dcf9-4953-80ec-93c4e8bb5509	GET	/Questions	undefined
20230130	11:32:36	b8b4676e-5f5f-4a75-aaca-4d0666a68cfe	GET	/New%20Request	undefined
20230130	11:32:44	2bddf2db-1f98-4c82-8761-95cf9a906708	GET	/	undefined
20230130	11:32:44	4a86f020-046b-4e2d-9a43-716a425e3bc7	GET	/css/style.css	undefined
20230130	11:32:47	ae63b671-43d1-4c71-89e1-099ea86fe654	GET	/	undefined
20230130	11:32:47	12b92dec-05d1-4191-a721-561df66df658	GET	/css/style.css	undefined
20230130	11:32:48	b138ffdd-c324-4cbd-ba23-c21be8e8c14b	GET	/	undefined
20230130	11:32:48	8c26a22d-b2ed-4af1-9c46-131dcbfaf25d	GET	/css/style.css	undefined
20230130	11:32:58	cf0b4791-e38b-4a7a-9231-f5fe350eac65	GET	/css/style.css	undefined
20230130	11:32:59	afddf569-aeef-4fed-a785-2c5a7d390afe	GET	/	undefined
20230130	11:32:59	f4bca39c-acee-4cb1-979e-b8f35d87f234	GET	/css/style.css	undefined
20230130	11:33:06	72d312a6-7af4-4ba7-8c45-66a8a2b6a006	GET	/questions	undefined
20230130	11:33:21	40eff6b8-74a3-4df7-ba9c-72d99be5f65a	GET	/	undefined
20230130	11:33:22	f48fe2bd-178e-4ffe-b401-eead859cf62a	GET	/css/style.css	undefined
20230130	11:33:22	c909cb94-da9f-45f3-8799-4580cd758bd9	GET	/	undefined
20230130	11:33:23	b5eb5e21-1f5f-405e-83c6-6fd140900bc6	GET	/css/style.css	undefined
20230130	11:33:25	ab133d09-70dd-49d8-907c-295d1c46b752	GET	/css/style.css	undefined
20230130	11:33:26	e5ce65f7-ee60-4f16-8bda-912e15334f26	GET	/	undefined
20230130	11:33:26	1823e8e7-2f28-4af3-8148-1dfc0653b694	GET	/css/style.css	undefined
20230130	11:33:32	0675f9dc-ab71-4628-ab7a-6cc410f5cbaa	GET	/question	undefined
20230130	11:33:33	ef7dae3b-ba47-47af-aa4e-795d12123287	GET	/questions	undefined
20230130	11:40:50	2b69b07a-1f5a-4046-b9d8-203fc3876854	GET	/questions	undefined
20230130	11:40:51	35e802de-f8a6-4884-9263-ca194b64c5a4	GET	/questions	undefined
20230130	11:41:15	0aeeeb7d-098f-48e3-b9f4-22e25cc15402	GET	/questions	undefined
20230130	11:41:16	3f1069ab-332d-4f53-bb95-3c3411c1570a	GET	/questions	undefined
20230130	11:42:51	f29c56af-1391-4abc-a7f6-d0ef7ea4cb89	GET	/questions	undefined
20230130	11:42:52	1874067b-1bd6-4ee8-9492-bc7e18c502d1	GET	/questions	undefined
20230130	11:42:53	d12bca43-0fb3-40e6-8f26-f5b56b3b266c	GET	/questions	undefined
20230130	11:42:54	5ab4b8ef-5100-448e-a9c3-ae32f3d4e223	GET	/questions	undefined
20230130	11:44:33	321159ba-852e-4f8f-b4f6-75b6dd93de6d	GET	/questions	undefined
20230130	11:44:34	bd374d9b-f2a3-4f9d-af08-b2fe8c05d3b0	GET	/questions	undefined
20230130	11:44:35	0639ab25-7ce4-4627-b916-08c67e5649e8	GET	/questions	undefined
20230130	11:45:28	b4bca174-41c3-4aa0-b578-43f752db0322	GET	/questions	undefined
20230130	11:45:29	28b9ff88-5b80-478a-9c91-4309055abdb9	GET	/questions	undefined
20230130	11:45:32	64d61024-5649-40f9-98ff-76cde228495e	GET	/question	undefined
20230130	11:45:34	3ca13469-dc6f-4884-8c1c-36940ec5b788	GET	/questions	undefined
20230130	11:46:23	7858b774-a34b-4065-a84a-84f49a3020bd	GET	/questions	undefined
20230130	11:47:39	7dff6582-cc4c-460d-955f-455e37bdf052	POST	/questions	undefined
20230130	11:47:41	7da073e3-7359-4f2c-8e3d-1060c7cb761f	POST	/questions	undefined
20230130	11:47:43	0f880daf-e6e8-4614-84c3-0a6b75cb7e06	GET	/questions	undefined
20230130	11:47:45	66bad143-37ff-49e9-9bd6-28b6171fdadf	GET	/	undefined
20230130	11:47:46	a5ad049f-1cbf-4a5e-b841-30476080e3c5	GET	/css/style.css	undefined
20230130	11:49:37	435b996e-4140-4853-905f-906dac5822d3	GET	/	undefined
20230130	11:49:38	f0cf1f3f-8f05-4964-885a-dd6c6697347c	GET	/css/style.css	undefined
20230130	11:49:42	efc7bc5f-b7b0-4872-8f5a-c3a552926ce6	GET	/questions	undefined
20230130	11:49:43	5057b705-f703-4135-82e9-ebf986f942a7	GET	/questions	undefined
20230130	11:53:14	0b48f586-5983-4db2-b7d3-d7bcc3bb26e0	GET	/questions	undefined
20230130	11:53:15	d505aa34-6463-432f-a3b0-944359d79cb8	GET	/questions	undefined
20230130	11:53:16	a16d10a3-02ca-4ade-9582-1760988a4395	GET	/questions	undefined
20230130	11:53:16	1122b54f-f68c-4029-a9ac-0fb7fe857b3d	GET	/questions	undefined
20230130	11:54:02	ca5e3569-4952-453b-9c8e-6b2c236a38f3	POST	/questions	undefined
20230130	11:54:02	a5e051c5-bccd-4e6b-95a1-a32446b1b972	POST	/questions	undefined
20230130	11:54:03	69d88224-5c6c-47f2-b610-6f98e5174b82	POST	/questions	undefined
20230130	11:54:06	6a25fc9e-5ef5-406f-8501-25e3ba305010	PUT	/questions	undefined
20230130	11:54:09	98c76fad-70a5-462a-a9cb-b52c3ba71168	DELETE	/questions	undefined
20230130	11:54:13	eb928332-2abe-4b14-8419-6fefb31eb37a	OPTIONS	/questions	undefined
20230130	11:54:16	72362c76-d149-437c-a05c-197dd55692a3	HEAD	/questions	undefined
20230130	11:54:19	347ebbca-ae1b-4c67-85f0-ae3324a0b97a	OPTIONS	/questions	undefined
20230130	11:54:20	e715cbdc-f6f8-4748-8413-93f09c807bc5	OPTIONS	/questions	undefined
20230130	11:54:23	851384c1-3ffa-48ac-bb73-2ce081c6e1ac	GET	/questions	undefined
20230130	11:54:45	18773acb-38d2-49e4-8854-229a6cfca950	GET	/questions	undefined
20230130	11:54:49	d0e7ad55-c06f-4ccf-848d-88c84a0c0669	GET	/questions	undefined
20230130	11:54:54	2a19f2a0-0cbf-4282-96e3-8fdfdb5a50b9	GET	/questions	undefined
20230130	11:54:55	676daf26-8175-42ab-bc1c-9fabf9bbc18d	GET	/questions	undefined
20230130	11:55:21	f76e5374-bc7f-42de-9bb6-c39a9dfef2b2	GET	/questions	undefined
20230130	11:55:21	43c46e36-ffcb-4d4f-98b0-d23ced51bac0	GET	/questions	undefined
20230130	11:55:42	2e6d9583-b6d1-48fb-a131-a3ddc548abfd	GET	/questions	undefined
20230130	11:55:46	40a4358e-debd-4ff1-8f59-db7473d162bd	POST	/questions	undefined
20230130	11:55:57	1961ee59-0562-4d39-8b5d-a06de4cd1678	GET	/questions	undefined
20230130	11:56:41	74ed56cb-9043-46b6-86fc-faf6251c283f	GET	/Questions	undefined
20230130	11:56:45	ea601571-7c92-4ae6-ac89-13b2a52cfd50	GET	/questions	undefined
20230130	11:59:25	145800e3-c6af-451b-ac75-a0c84a53accf	POST	/questions	undefined
20230130	12:03:06	aa43b0c0-4421-42dc-bab2-b5130e4f5d89	GET	/	undefined
20230130	12:03:06	cf633df7-ea57-40f3-bbcd-8958606b1c90	GET	/css/style.css	undefined
20230130	12:03:25	32a42c6f-b00f-489e-929c-ea49e68218e8	GET	/questions	undefined
20230130	12:03:56	125b6044-b07c-48a4-a25f-3845a441c4d9	GET	/getAllQuestions	undefined
20230130	12:04:00	de5a3b95-f45b-4785-b3b5-8b027edc9903	GET	/get	undefined
20230130	12:04:05	eccd9337-9d05-4215-bc44-236520dfeac8	GET	/question	undefined
20230130	12:05:53	00b9e4c5-8810-4be4-8885-e78d657dc2a2	GET	/question	undefined
20230130	12:05:55	1b2d7f13-fa79-4a0f-a70e-1bb15b820bdc	GET	/questions	undefined
20230130	12:06:00	7b83b930-359e-4bef-bfec-172ee6252f59	GET	/Quiz	undefined
20230130	12:06:09	44136e0a-22ad-4604-a239-4ef7505574b7	GET	/question	undefined
20230130	12:06:18	108602c4-65cb-47d0-b0cb-e5f2cc9c9b5f	POST	/question	undefined
20230130	12:06:23	40c841ce-523c-4d79-98dd-29115058a71f	GET	/	undefined
20230130	12:06:23	af6d1dc1-3769-4fbc-95e4-bacd7be16d8d	GET	/css/style.css	undefined
20230130	12:06:28	a6a054fe-a86c-42ae-8168-4cd28f868113	OPTIONS	/	undefined
20230130	12:06:33	ca43f1db-fb56-4cbc-8d33-979a336b5415	POST	/	undefined
20230130	12:06:37	c6c0e3f8-ef06-469a-ad5d-d9242e9c9164	PUT	/	undefined
20230130	12:06:40	6968bd5b-e886-4fed-acee-6bb2f2851c8a	PATCH	/	undefined
20230130	12:06:42	2019e787-ced8-4954-8deb-e9189d51d704	DELETE	/	undefined
20230130	12:06:46	89406dd1-7b72-4793-a421-1ad07379f7e3	DELETE	/questions	undefined
20230130	12:06:48	1bb4ba6d-390f-40f9-be19-679c5f28cbd5	PATCH	/questions	undefined
20230130	12:06:51	fb0580ed-e9ab-4fa1-a620-fd8e2055775f	PUT	/questions	undefined
20230130	12:06:53	ce1fd3ea-dcfc-48d6-b79c-9ab9b7345751	GET	/questions	undefined
20230130	12:08:13	e9163b85-5e13-46a0-b247-25c3ce24c112	GET	/getAllQuestions	undefined
20230130	12:09:25	20e123b8-9f13-4f23-9d7f-60c2fd10f221	GET	/	undefined
20230130	12:09:25	4bdbf4bf-2db4-4f67-85e5-d40ac66d8936	GET	/css/style.css	undefined
20230130	12:13:44	55dc5b64-bbdf-4299-9f14-a37b649d4893	GET	/questions	undefined
20230130	12:14:27	8c42ec29-17e1-49c4-9777-63a8fdbf257d	GET	/questions	undefined
20230130	12:14:49	28d3772f-0dc7-4e04-8669-02c3cf90f114	GET	/questions	undefined
20230130	12:15:21	5953bf1b-fc33-4595-b087-ff56cdec4964	GET	/	undefined
20230130	12:15:22	2a93255e-8d76-4aa3-a2fa-a78965d8c6bc	GET	/css/style.css	undefined
20230130	12:15:24	0534bec7-f87e-47e6-a616-55263507f5ba	GET	/css/style.css	undefined
20230130	12:15:29	a6e49701-3e91-40c5-b1bb-cd060b0dc144	GET	/questions	undefined
20230130	12:15:56	357ab4a3-dc96-443c-bc47-a99f4f8e72c8	GET	/questions	undefined
20230130	12:16:12	d031c56e-c6d8-4614-98c5-1c5ea77fa1f3	GET	/questions	undefined
20230130	12:16:45	ba367ad1-8096-45c9-87cc-0c7c6a9f6d41	GET	/questions	undefined
20230130	12:16:47	ddb38249-d01f-48db-818d-553854b09b36	GET	/questions	undefined
20230130	12:17:45	69c46e0e-8df4-4011-9ce7-612e38a3cb04	GET	/getAllQuestions	undefined
20230130	12:17:50	ad0c4897-6aea-470d-82fc-c52008d6ee9f	GET	/get	undefined
20230130	12:17:57	9f320e7d-5733-4335-88a8-b9183f08dc2d	GET	/questions	undefined
20230130	12:18:19	c6b99f03-928f-407e-a4f8-99f4cbee61bc	POST	/questions	undefined
20230130	12:20:09	31097f1f-4b2c-483f-a285-28edd3b2db43	GET	/Questions	undefined
20230130	12:20:11	a170723f-ae9f-44ea-9b63-c89febc67b9a	GET	/Questions	undefined
20230130	12:21:47	b998c472-a33e-483b-8c19-ba5852255825	GET	/Questions	undefined
20230130	12:21:50	feb049d7-7313-417d-8e98-1f1f14c08b2b	GET	/questions	undefined
20230130	12:21:51	168af624-3bda-405e-8214-756932f7af7f	GET	/questions	undefined
20230130	12:23:32	fb46abbd-ebab-4d0f-9b1a-5df830f87352	GET	/questions	undefined
20230130	12:23:35	de0b259c-41b7-4e25-8902-9361ebb7fecb	GET	/Questions	undefined
20230130	12:23:38	c425a8e9-83dd-402f-8b33-45053739edbd	GET	/Question	undefined
20230130	12:23:39	3ad2b01b-99f0-46a1-b66e-ada0becf83bd	GET	/question	undefined
20230130	12:23:40	405a8935-dd6b-43e1-bb51-705c2aa428db	GET	/questions	undefined
20230130	12:25:39	3f3c32bb-1be0-4a9c-8c2a-e5d7bb1190c4	GET	/questions	undefined
20230130	12:26:17	8f74793d-101b-4ed2-97a6-785bfbbf9ccb	POST	/questions	undefined
20230130	12:26:33	84a211d2-e245-4d53-bcd5-270acfcf4bf8	GET	/questions	undefined
20230130	12:26:57	8d3f54b9-a04e-41ae-a42d-451c8d8859ca	GET	/questions	undefined
20230130	12:28:40	3077adff-9c98-4f51-a14d-10a481ecd024	GET	/questions	undefined
20230130	12:30:33	e969ab3e-e81a-4cf4-8ae1-355430a62b53	GET	/questions	undefined
20230130	12:30:45	182ffdbc-433e-436e-8df9-575cc7eee829	GET	/questions	undefined
20230130	12:30:58	7db26339-3d8f-4f97-a16f-889b741598fb	GET	/questions	undefined
20230130	12:31:01	45f48442-c8d8-4c2f-83a4-e758f1ab33f5	GET	/questions	undefined
20230130	12:33:41	8b8d4def-08dc-4a9a-9c76-9d2d2a1d6bae	GET	/questions	undefined
20230130	12:38:14	29879d71-8dc4-4875-9761-e0fd0729e2ba	GET	/questions	undefined
20230130	12:38:18	17fc2d12-8792-4717-a8ff-e22ba0b74c32	GET	/questions	undefined
20230130	12:38:20	f5ebe931-412f-44e9-ad70-b16dd8bfb136	GET	/questions	undefined
20230130	12:38:45	94d4ef94-0f0d-4834-b767-c1fe537ff2de	GET	/questions	undefined
20230130	12:40:20	ae04272c-4f23-4b9d-ae73-e10078314547	POST	/questions	undefined
20230130	12:40:45	9e9973ed-119a-4892-812f-b130c51f2dc5	POST	/questions	undefined
20230130	12:41:06	84bb5b1f-6164-4b74-bd3f-3234c7c70e71	POST	/questions	undefined
20230130	12:41:14	f6cd4be9-98e5-4137-bf83-41fc3038d955	POST	/questions	undefined
20230130	12:41:29	02f802c8-6c79-496b-9489-595ecd196fca	POST	/questions	undefined
20230130	12:41:34	e1ffd5df-491d-45d2-a83e-0178a8561816	GET	/questions	undefined
20230130	12:42:45	d3897d84-effb-472a-9f7e-3be0321f0123	PUT	/questions	undefined
20230130	12:42:48	c3ee2a9c-72f9-41ec-9574-d47500769e61	PATCH	/questions	undefined
20230130	12:43:28	d4f9dc84-16e9-4cd2-8b6d-5bb15d3de77c	PATCH	/questions	undefined
20230130	12:44:45	3d6119a3-9c8b-4429-b515-b2a980beb51c	PATCH	/questions	undefined
20230130	12:46:13	779a3808-6ff7-4d35-bc86-3f6eeb2a878c	PATCH	/questions	undefined
20230130	12:47:08	902b588f-50de-4e6c-8ede-cfe917928836	DELETE	/questions	undefined
20230130	12:48:16	06d5657a-fdad-4641-9874-51a9e9dbb8f4	GET	/questions	undefined
20230130	12:48:21	c8fee3cd-1ec1-4d4f-8aba-8794c1831ef3	PATCH	/questions	undefined
20230130	12:48:46	a7dd81d7-3c30-4afb-89a9-af1d493d0b54	DELETE	/questions	undefined
20230130	12:48:56	64a0e87a-325c-456e-8e5a-573cedcf7acc	GET	/questions	undefined
20230130	12:49:09	a265f70e-4fc9-41f8-aa9f-6746c5df225d	GET	/questions	undefined
20230130	12:49:12	4326a425-e684-4749-8f8f-1261b81a0491	DELETE	/questions	undefined
20230130	12:49:15	efead420-3f18-4435-862a-3045166cf27f	DELETE	/questions	undefined
